$completionDateTime
[1] "2022-01-23 03:18:51 UTC"

$executionTime
Time difference of 55.47151 secs

$sessionInfo
R version 4.1.2 (2021-11-01)
Platform: x86_64-w64-mingw32/x64 (64-bit)
Running under: Windows Server x64 (build 17763)

Matrix products: default

locale:
[1] LC_COLLATE=English_United States.1252 
[2] LC_CTYPE=English_United States.1252   
[3] LC_MONETARY=English_United States.1252
[4] LC_NUMERIC=C                          
[5] LC_TIME=English_United States.1252    

attached base packages:
[1] grid      stats     graphics  grDevices utils     datasets  methods  
[8] base     

other attached packages:
 [1] vcd_1.4-9        psych_2.1.9      ggmosaic_0.3.3   broom_0.7.10    
 [5] svglite_2.0.0    forcats_0.5.1    stringr_1.4.0    dplyr_1.0.7     
 [9] purrr_0.3.4      readr_2.1.0      tidyr_1.1.4      tibble_3.1.6    
[13] ggplot2_3.3.5    tidyverse_1.3.1  multcomp_1.4-17  TH.data_1.1-0   
[17] MASS_7.3-54      survival_3.2-13  mvtnorm_1.1-3    magrittr_2.0.1  
[21] rmarkdown_2.11   knitr_1.36       checkpoint_1.0.1

loaded via a namespace (and not attached):
 [1] nlme_3.1-153       fs_1.5.0           lubridate_1.8.0    RColorBrewer_1.1-2
 [5] httr_1.4.2         tools_4.1.2        backports_1.3.0    utf8_1.2.2        
 [9] R6_2.5.1           DBI_1.1.1          lazyeval_0.2.2     colorspace_2.0-2  
[13] withr_2.4.3        tidyselect_1.1.1   mnormt_2.0.2       compiler_4.1.2    
[17] cli_3.1.0          rvest_1.0.2        xml2_1.3.2         plotly_4.10.0     
[21] sandwich_3.0-1     labeling_0.4.2     scales_1.1.1       lmtest_0.9-39     
[25] systemfonts_1.0.3  digest_0.6.28      pkgconfig_2.0.3    htmltools_0.5.2   
[29] dbplyr_2.1.1       fastmap_1.1.0      highr_0.9          htmlwidgets_1.5.4 
[33] rlang_0.4.12       readxl_1.3.1       rstudioapi_0.13    farver_2.1.0      
[37] generics_0.1.1     zoo_1.8-9          jsonlite_1.7.2     Matrix_1.3-4      
[41] Rcpp_1.0.7         munsell_0.5.0      fansi_0.5.0        lifecycle_1.0.1   
[45] stringi_1.7.5      parallel_4.1.2     ggrepel_0.9.1      crayon_1.4.2      
[49] lattice_0.20-45    haven_2.4.3        splines_4.1.2      hms_1.1.1         
[53] tmvnsim_1.0-2      pillar_1.6.4       codetools_0.2-18   reprex_2.0.1      
[57] glue_1.5.0         evaluate_0.14      data.table_1.14.2  modelr_0.1.8      
[61] vctrs_0.3.8        tzdb_0.2.0         cellranger_1.1.0   gtable_0.3.0      
[65] assertthat_0.2.1   xfun_0.28          viridisLite_0.4.0  ellipsis_0.3.2    

$citation0

To cite R in publications use:

  R Core Team (2021). R: A language and environment for statistical
  computing. R Foundation for Statistical Computing, Vienna, Austria.
  URL https://www.R-project.org/.

A BibTeX entry for LaTeX users is

  @Manual{,
    title = {R: A Language and Environment for Statistical Computing},
    author = {{R Core Team}},
    organization = {R Foundation for Statistical Computing},
    address = {Vienna, Austria},
    year = {2021},
    url = {https://www.R-project.org/},
  }

We have invested a lot of time and effort in creating R, please cite it
when using it for data analysis. See also 'citation("pkgname")' for
citing R packages.


$citation1

Please cite the multcomp package by the following reference:

  Torsten Hothorn, Frank Bretz and Peter Westfall (2008). Simultaneous
  Inference in General Parametric Models. Biometrical Journal 50(3),
  346--363.

A BibTeX entry for LaTeX users is

  @Article{,
    title = {Simultaneous Inference in General Parametric Models},
    author = {Torsten Hothorn and Frank Bretz and Peter Westfall},
    journal = {Biometrical Journal},
    year = {2008},
    volume = {50},
    number = {3},
    pages = {346--363},
  }


